0 info it worked if it ends with ok
1 verbose cli [ 'node',
1 verbose cli   '/home/ohcphuoc/local/bin/npm',
1 verbose cli   'install',
1 verbose cli   '-g',
1 verbose cli   'bower' ]
2 info using npm@2.1.7
3 info using node@v0.10.33
4 silly cache add args [ 'bower', null ]
5 verbose cache add spec bower
6 silly cache add parsed spec { raw: 'bower',
6 silly cache add   scope: null,
6 silly cache add   name: 'bower',
6 silly cache add   rawSpec: '',
6 silly cache add   spec: '*',
6 silly cache add   type: 'range' }
7 verbose addNamed bower@*
8 silly addNamed semver.valid null
9 silly addNamed semver.validRange *
10 silly addNameRange { name: 'bower', range: '*', hasData: false }
11 silly mapToRegistry name bower
12 silly mapToRegistry using default registry
13 silly mapToRegistry registry https://registry.npmjs.org/
14 silly mapToRegistry uri https://registry.npmjs.org/bower
15 verbose addNameRange registry:https://registry.npmjs.org/bower not in flight; fetching
16 verbose request uri https://registry.npmjs.org/bower
17 verbose request no auth needed
18 info attempt registry request try #1 at 14:06:32
19 verbose request id 3c62f5658f88355b
20 verbose etag "2C9MHUMYQWJZ6OPY4SUPHKHB5"
21 http request GET https://registry.npmjs.org/bower
22 http 200 https://registry.npmjs.org/bower
23 silly get cb [ 200,
23 silly get   { server: 'CouchDB/1.5.0 (Erlang OTP/R16B03)',
23 silly get     etag: '"18ZUCBZQK01UXN6PO7JHJJFF8"',
23 silly get     'content-type': 'application/json',
23 silly get     'content-encoding': 'gzip',
23 silly get     'cache-control': 'max-age=300',
23 silly get     'content-length': '20414',
23 silly get     'accept-ranges': 'bytes',
23 silly get     date: 'Wed, 04 May 2016 07:06:32 GMT',
23 silly get     via: '1.1 varnish',
23 silly get     age: '276',
23 silly get     connection: 'keep-alive',
23 silly get     'x-served-by': 'cache-hkg6821-HKG',
23 silly get     'x-cache': 'HIT',
23 silly get     'x-cache-hits': '4',
23 silly get     'x-timer': 'S1462345592.341948,VS0,VE0',
23 silly get     vary: 'Accept-Encoding' } ]
24 silly addNameRange number 2 { name: 'bower', range: '*', hasData: true }
25 silly addNameRange versions [ 'bower',
25 silly addNameRange   [ '0.1.0',
25 silly addNameRange     '0.1.2',
25 silly addNameRange     '0.1.3',
25 silly addNameRange     '0.2.0',
25 silly addNameRange     '0.3.0',
25 silly addNameRange     '0.3.1',
25 silly addNameRange     '0.3.2',
25 silly addNameRange     '0.4.0',
25 silly addNameRange     '0.5.0',
25 silly addNameRange     '0.5.1',
25 silly addNameRange     '0.6.0',
25 silly addNameRange     '0.6.1',
25 silly addNameRange     '0.6.2',
25 silly addNameRange     '0.6.3',
25 silly addNameRange     '0.6.4',
25 silly addNameRange     '0.6.5',
25 silly addNameRange     '0.6.6',
25 silly addNameRange     '0.6.7',
25 silly addNameRange     '0.6.8',
25 silly addNameRange     '0.7.0',
25 silly addNameRange     '0.7.1',
25 silly addNameRange     '0.8.0',
25 silly addNameRange     '0.8.1',
25 silly addNameRange     '0.8.2',
25 silly addNameRange     '0.8.3',
25 silly addNameRange     '0.8.4',
25 silly addNameRange     '0.8.5',
25 silly addNameRange     '0.8.6',
25 silly addNameRange     '0.9.0',
25 silly addNameRange     '0.9.1',
25 silly addNameRange     '0.9.2',
25 silly addNameRange     '0.10.0',
25 silly addNameRange     '1.0.0',
25 silly addNameRange     '1.0.1',
25 silly addNameRange     '1.0.2',
25 silly addNameRange     '1.0.3',
25 silly addNameRange     '1.1.0',
25 silly addNameRange     '1.1.1',
25 silly addNameRange     '1.1.2',
25 silly addNameRange     '1.2.0',
25 silly addNameRange     '1.2.1',
25 silly addNameRange     '1.2.2',
25 silly addNameRange     '1.2.3',
25 silly addNameRange     '1.2.4',
25 silly addNameRange     '1.2.5',
25 silly addNameRange     '1.2.6',
25 silly addNameRange     '1.2.7',
25 silly addNameRange     '1.2.8',
25 silly addNameRange     '1.3.0',
25 silly addNameRange     '1.3.1',
25 silly addNameRange     '1.3.2',
25 silly addNameRange     '1.3.3',
25 silly addNameRange     '1.3.4',
25 silly addNameRange     '1.3.5',
25 silly addNameRange     '1.3.6',
25 silly addNameRange     '1.3.7',
25 silly addNameRange     '1.3.8',
25 silly addNameRange     '1.3.9',
25 silly addNameRange     '1.3.10',
25 silly addNameRange     '1.3.11',
25 silly addNameRange     '1.3.12',
25 silly addNameRange     '1.4.0',
25 silly addNameRange     '1.4.1',
25 silly addNameRange     '1.5.0',
25 silly addNameRange     '1.5.1',
25 silly addNameRange     '1.5.2',
25 silly addNameRange     '1.5.3',
25 silly addNameRange     '1.6.2',
25 silly addNameRange     '1.6.3',
25 silly addNameRange     '1.6.4',
25 silly addNameRange     '1.6.5',
25 silly addNameRange     '1.5.4',
25 silly addNameRange     '1.4.2',
25 silly addNameRange     '1.6.6',
25 silly addNameRange     '1.6.7',
25 silly addNameRange     '1.6.8',
25 silly addNameRange     '1.6.9',
25 silly addNameRange     '1.7.0',
25 silly addNameRange     '1.7.1',
25 silly addNameRange     '1.7.2',
25 silly addNameRange     '1.7.5',
25 silly addNameRange     '1.7.6',
25 silly addNameRange     '1.7.7',
25 silly addNameRange     '1.7.8',
25 silly addNameRange     '1.7.9' ] ]
26 verbose addNamed bower@1.7.9
27 silly addNamed semver.valid 1.7.9
28 silly addNamed semver.validRange 1.7.9
29 silly mapToRegistry name bower
30 silly mapToRegistry using default registry
31 silly mapToRegistry registry https://registry.npmjs.org/
32 silly mapToRegistry uri https://registry.npmjs.org/bower
33 verbose addRemoteTarball https://registry.npmjs.org/bower/-/bower-1.7.9.tgz not in flight; adding
34 verbose addRemoteTarball [ 'https://registry.npmjs.org/bower/-/bower-1.7.9.tgz',
34 verbose addRemoteTarball   'b7296c2393e0d75edaa6ca39648132dd255812b0' ]
35 info retry fetch attempt 1 at 14:06:33
36 info attempt registry request try #1 at 14:06:33
37 http fetch GET https://registry.npmjs.org/bower/-/bower-1.7.9.tgz
38 http fetch 200 https://registry.npmjs.org/bower/-/bower-1.7.9.tgz
39 silly fetchAndShaCheck shasum b7296c2393e0d75edaa6ca39648132dd255812b0
40 verbose addTmpTarball /tmp/npm-3721-0c1a2abd/registry.npmjs.org/bower/-/bower-1.7.9.tgz not in flight; adding
41 verbose addTmpTarball already have metadata; skipping unpack for bower@1.7.9
42 verbose stack Error: EACCES, mkdir '/home/ohcphuoc/.npm/bower/1.7.9'
43 verbose cwd /home/ohcphuoc/workspace/receta
44 error Linux 3.8.0-44-generic
45 error argv "node" "/home/ohcphuoc/local/bin/npm" "install" "-g" "bower"
46 error node v0.10.33
47 error npm  v2.1.7
48 error path /home/ohcphuoc/.npm/bower/1.7.9
49 error code EACCES
50 error errno 3
51 error Error: EACCES, mkdir '/home/ohcphuoc/.npm/bower/1.7.9'
51 error  { [Error: EACCES, mkdir '/home/ohcphuoc/.npm/bower/1.7.9']
51 error   errno: 3,
51 error   code: 'EACCES',
51 error   path: '/home/ohcphuoc/.npm/bower/1.7.9' }
52 error Please try running this command again as root/Administrator.
53 verbose exit [ 3, true ]
